Using pre-set license
Built from '2020.3/staging' branch; Version is '2020.3.42f1 (7ade1201f527) revision 8052242'; Using compiler version '192528614'; Build Type 'Release'
OS: 'Windows 11  (10.0.22621) 64bit Professional' Language: 'en' Physical Memory: 16242 MB
BatchMode: 1, IsHumanControllingUs: 0, StartBugReporterOnCrash: 0, Is64bit: 1, IsPro: 0

COMMAND LINE ARGUMENTS:
C:\Program Files\Unity\Hub\Editor\2020.3.42f1\Editor\Unity.exe
-adb2
-batchMode
-noUpm
-name
AssetImportWorker0
-projectPath
D:/DERS/UNITY/Face of Evil
-logFile
Logs/AssetImportWorker0.log
-srvPort
52285
Successfully changed project path to: D:/DERS/UNITY/Face of Evil
D:/DERS/UNITY/Face of Evil
Using Asset Import Pipeline V2.
Refreshing native plugins compatible for Editor in 59.63 ms, found 3 plugins.
Preloading 0 native plugins for Editor in 0.00 ms.
Initialize engine version: 2020.3.42f1 (7ade1201f527)
[Subsystems] Discovering subsystems at path C:/Program Files/Unity/Hub/Editor/2020.3.42f1/Editor/Data/Resources/UnitySubsystems
[Subsystems] Discovering subsystems at path D:/DERS/UNITY/Face of Evil/Assets
GfxDevice: creating device client; threaded=0
Direct3D:
    Version:  Direct3D 11.0 [level 11.1]
    Renderer: NVIDIA GeForce GTX 1650 (ID=0x1f91)
    Vendor:   
    VRAM:     3962 MB
    Driver:   30.0.15.1289
Initialize mono
Mono path[0] = 'C:/Program Files/Unity/Hub/Editor/2020.3.42f1/Editor/Data/Managed'
Mono path[1] = 'C:/Program Files/Unity/Hub/Editor/2020.3.42f1/Editor/Data/MonoBleedingEdge/lib/mono/unityjit'
Mono config path = 'C:/Program Files/Unity/Hub/Editor/2020.3.42f1/Editor/Data/MonoBleedingEdge/etc'
Using monoOptions --debugger-agent=transport=dt_socket,embedding=1,server=y,suspend=n,address=127.0.0.1:56816
Begin MonoManager ReloadAssembly
Registering precompiled unity dll's ...
Register platform support module: C:/Program Files/Unity/Hub/Editor/2020.3.42f1/Editor/Data/PlaybackEngines/WindowsStandaloneSupport/UnityEditor.WindowsStandalone.Extensions.dll
Registered in 0.001713 seconds.
Native extension for WindowsStandalone target not found
Refreshing native plugins compatible for Editor in 55.40 ms, found 3 plugins.
Preloading 0 native plugins for Editor in 0.00 ms.
Mono: successfully reloaded assembly
- Completed reload, in  1.327 seconds
Domain Reload Profiling:
	ReloadAssembly (1327ms)
		BeginReloadAssembly (63ms)
			ExecutionOrderSort (0ms)
			DisableScriptedObjects (0ms)
			BackupInstance (0ms)
			ReleaseScriptingObjects (0ms)
			CreateAndSetChildDomain (1ms)
		EndReloadAssembly (1191ms)
			LoadAssemblies (61ms)
			RebuildTransferFunctionScriptingTraits (0ms)
			SetupTypeCache (156ms)
			ReleaseScriptCaches (0ms)
			RebuildScriptCaches (34ms)
			SetupLoadedEditorAssemblies (205ms)
				LogAssemblyErrors (0ms)
				InitializePlatformSupportModulesInManaged (4ms)
				SetLoadedEditorAssemblies (0ms)
				RefreshPlugins (55ms)
				BeforeProcessingInitializeOnLoad (17ms)
				ProcessInitializeOnLoadAttributes (98ms)
				ProcessInitializeOnLoadMethodAttributes (29ms)
				AfterProcessingInitializeOnLoad (0ms)
				EditorAssembliesLoaded (0ms)
			ExecutionOrderSort2 (0ms)
			AwakeInstancesAfterBackupRestoration (0ms)
Platform modules already initialized, skipping
Registering precompiled user dll's ...
Registered in 0.003424 seconds.
Begin MonoManager ReloadAssembly
Native extension for WindowsStandalone target not found
Refreshing native plugins compatible for Editor in 53.84 ms, found 3 plugins.
Preloading 0 native plugins for Editor in 0.00 ms.
Mono: successfully reloaded assembly
- Completed reload, in  1.176 seconds
Domain Reload Profiling:
	ReloadAssembly (1177ms)
		BeginReloadAssembly (145ms)
			ExecutionOrderSort (0ms)
			DisableScriptedObjects (5ms)
			BackupInstance (0ms)
			ReleaseScriptingObjects (0ms)
			CreateAndSetChildDomain (19ms)
		EndReloadAssembly (973ms)
			LoadAssemblies (103ms)
			RebuildTransferFunctionScriptingTraits (0ms)
			SetupTypeCache (306ms)
			ReleaseScriptCaches (0ms)
			RebuildScriptCaches (51ms)
			SetupLoadedEditorAssemblies (389ms)
				LogAssemblyErrors (0ms)
				InitializePlatformSupportModulesInManaged (3ms)
				SetLoadedEditorAssemblies (0ms)
				RefreshPlugins (54ms)
				BeforeProcessingInitializeOnLoad (86ms)
				ProcessInitializeOnLoadAttributes (217ms)
				ProcessInitializeOnLoadMethodAttributes (24ms)
				AfterProcessingInitializeOnLoad (5ms)
				EditorAssembliesLoaded (0ms)
			ExecutionOrderSort2 (0ms)
			AwakeInstancesAfterBackupRestoration (2ms)
Platform modules already initialized, skipping
========================================================================
Worker process is ready to serve import requests
Launched and connected shader compiler UnityShaderCompiler.exe after 0.06 seconds
Refreshing native plugins compatible for Editor in 0.62 ms, found 3 plugins.
Preloading 0 native plugins for Editor in 0.00 ms.
Unloading 2346 Unused Serialized files (Serialized files now loaded: 0)
System memory in use before: 123.3 MB.
System memory in use after: 123.4 MB.

Unloading 36 unused Assets to reduce memory usage. Loaded Objects now: 2795.
Total: 3.186000 ms (FindLiveObjects: 0.202500 ms CreateObjectMapping: 0.097700 ms MarkObjects: 2.778400 ms  DeleteObjects: 0.106400 ms)

AssetImportParameters requested are different than current active one (requested -> active):
  custom:framework-win-MediaFoundation: 216162199b28c13a410421893ffa2e32 -> 
  custom:video-decoder-ogg-theora: a1e56fd34408186e4bbccfd4996cb3dc -> 
  custom:container-muxer-webm: aa71ff27fc2769a1b78a27578f13a17b -> 
  custom:container-demuxer-webm: 4f35f7cbe854078d1ac9338744f61a02 -> 
  custom:container-demuxer-ogg: 62fdf1f143b41e24485cea50d1cbac27 -> 
  custom:video-encoder-webm-vp8: eb34c28f22e8b96e1ab97ce403110664 -> 
  custom:video-decoder-webm-vp8: 9c59270c3fd7afecdb556c50c9e8de78 -> 
  custom:audio-decoder-ogg-vorbis: bf7c407c2cedff20999df2af8eb42d56 -> 
  custom:audio-encoder-webm-vorbis: bf7c407c2cedff20999df2af8eb42d56 -> 
========================================================================
Received Import Request.
  path: Assets/Scenes/Area 2.unity
  artifactKey: Guid(d4970ac11bd3802418bb91288cc6c71f) Importer(815301076,1909f56bfc062723c751e8b465ee728b)
Start importing Assets/Scenes/Area 2.unity using Guid(d4970ac11bd3802418bb91288cc6c71f) Importer(815301076,1909f56bfc062723c751e8b465ee728b)  -> (artifact id: 'c818742eae17c0e529a384fd14aa3ff3') in 0.009223 seconds 
========================================================================
Received Import Request.
  Time since last request: 4.846097 seconds.
  path: Assets/Scenes/Area 1.unity
  artifactKey: Guid(2cda990e2423bbf4892e6590ba056729) Importer(815301076,1909f56bfc062723c751e8b465ee728b)
Start importing Assets/Scenes/Area 1.unity using Guid(2cda990e2423bbf4892e6590ba056729) Importer(815301076,1909f56bfc062723c751e8b465ee728b)  -> (artifact id: '9ac29ea06e2fbd4c95ca800219f8b17f') in 0.195209 seconds 
========================================================================
Received Import Request.
  Time since last request: 31.830219 seconds.
  path: Assets/Prefabs/Enemys/Boss Shot.prefab
  artifactKey: Guid(af649a4eaf264444b89598c67973b0c4) Importer(815301076,1909f56bfc062723c751e8b465ee728b)
Start importing Assets/Prefabs/Enemys/Boss Shot.prefab using Guid(af649a4eaf264444b89598c67973b0c4) Importer(815301076,1909f56bfc062723c751e8b465ee728b)  -> (artifact id: '25f940605e998fe02dc69eba80328cd2') in 0.341985 seconds 
========================================================================
Received Import Request.
  Time since last request: 0.000342 seconds.
  path: Assets/Prefabs/Enemys/Enemy Walker.prefab
  artifactKey: Guid(f9e57265c98ec2c4198af808d3ab78ea) Importer(815301076,1909f56bfc062723c751e8b465ee728b)
Start importing Assets/Prefabs/Enemys/Enemy Walker.prefab using Guid(f9e57265c98ec2c4198af808d3ab78ea) Importer(815301076,1909f56bfc062723c751e8b465ee728b) Tried select unknown importer for id '-2' '00000000000000000000000000000000'
0x00007ff72484defc (Unity) StackWalker::GetCurrentCallstack
0x00007ff7248554f9 (Unity) StackWalker::ShowCallstack
0x00007ff7255ef28c (Unity) GetStacktrace
0x00007ff72605edd7 (Unity) DebugStringToFile
0x00007ff72605eaf2 (Unity) AssertImplementation
0x00007ff725672ad1 (Unity) AssetDatabase::LookupAssetImporter
0x00007ff725678f28 (Unity) PreviewImporter::GenerateAssetData
0x00007ff72571c8d3 (Unity) ImportToObjects
0x00007ff72571b8a8 (Unity) ImportAsset
0x00007ff7256b46b8 (Unity) AssetImportWorker::Import
0x00007ff7256d9e8c (Unity) <lambda_6c894734dbee50c93f7912c8ad287316>::operator()
0x00007ff725769bf2 (Unity) asio::detail::completion_handler<core::mutable_function<void __cdecl(void)>,asio::io_context::basic_executor_type<std::allocator<void>,0> >::do_complete
0x00007ff725755a92 (Unity) asio::detail::win_iocp_io_context::do_one
0x00007ff7257579a4 (Unity) asio::detail::win_iocp_io_context::run
0x00007ff725767f2f (Unity) IOService::Run
0x00007ff725703bfb (Unity) RunAssetImportWorkerClientV2
0x00007ff725703c50 (Unity) RunAssetImporterV2
0x00007ff725176bd8 (Unity) Application::InitializeProject
0x00007ff7255f9612 (Unity) WinMain
0x00007ff726cc765e (Unity) __scrt_common_main_seh
0x00007ffa8efd26ad (KERNEL32) BaseThreadInitThunk
0x00007ffa8f8ca9f8 (ntdll) RtlUserThreadStart

 -> (artifact id: 'a2d2921d04c0ed01b70d8a7e02b2ec58') in 0.507261 seconds 
========================================================================
Received Import Request.
  Time since last request: 0.168521 seconds.
  path: Assets/Prefabs/Enemys/Enemy Flyer.prefab
  artifactKey: Guid(be71f708790a6a94985843fa16f7fdec) Importer(815301076,1909f56bfc062723c751e8b465ee728b)
Start importing Assets/Prefabs/Enemys/Enemy Flyer.prefab using Guid(be71f708790a6a94985843fa16f7fdec) Importer(815301076,1909f56bfc062723c751e8b465ee728b) Tried select unknown importer for id '-2' '00000000000000000000000000000000'
0x00007ff72484defc (Unity) StackWalker::GetCurrentCallstack
0x00007ff7248554f9 (Unity) StackWalker::ShowCallstack
0x00007ff7255ef28c (Unity) GetStacktrace
0x00007ff72605edd7 (Unity) DebugStringToFile
0x00007ff72605eaf2 (Unity) AssertImplementation
0x00007ff725672ad1 (Unity) AssetDatabase::LookupAssetImporter
0x00007ff725678f28 (Unity) PreviewImporter::GenerateAssetData
0x00007ff72571c8d3 (Unity) ImportToObjects
0x00007ff72571b8a8 (Unity) ImportAsset
0x00007ff7256b46b8 (Unity) AssetImportWorker::Import
0x00007ff7256d9e8c (Unity) <lambda_6c894734dbee50c93f7912c8ad287316>::operator()
0x00007ff725769bf2 (Unity) asio::detail::completion_handler<core::mutable_function<void __cdecl(void)>,asio::io_context::basic_executor_type<std::allocator<void>,0> >::do_complete
0x00007ff725755a92 (Unity) asio::detail::win_iocp_io_context::do_one
0x00007ff7257579a4 (Unity) asio::detail::win_iocp_io_context::run
0x00007ff725767f2f (Unity) IOService::Run
0x00007ff725703bfb (Unity) RunAssetImportWorkerClientV2
0x00007ff725703c50 (Unity) RunAssetImporterV2
0x00007ff725176bd8 (Unity) Application::InitializeProject
0x00007ff7255f9612 (Unity) WinMain
0x00007ff726cc765e (Unity) __scrt_common_main_seh
0x00007ffa8efd26ad (KERNEL32) BaseThreadInitThunk
0x00007ffa8f8ca9f8 (ntdll) RtlUserThreadStart

 -> (artifact id: 'e86d90ed5e4ecc430b4db945420a65d8') in 0.097962 seconds 
========================================================================
Received Import Request.
  Time since last request: 10002.844921 seconds.
  path: Assets/Scenes/Area 1.unity
  artifactKey: Guid(2cda990e2423bbf4892e6590ba056729) Importer(815301076,1909f56bfc062723c751e8b465ee728b)
Start importing Assets/Scenes/Area 1.unity using Guid(2cda990e2423bbf4892e6590ba056729) Importer(815301076,1909f56bfc062723c751e8b465ee728b)  -> (artifact id: 'cb7dfe1be9759f2cf6296a65de4d9b5d') in 0.008735 seconds 
========================================================================
Received Import Request.
  Time since last request: 998.416799 seconds.
  path: Assets/Scenes/Area 3.unity
  artifactKey: Guid(6e50045bf00c9c143b00fe75b9a38096) Importer(815301076,1909f56bfc062723c751e8b465ee728b)
Start importing Assets/Scenes/Area 3.unity using Guid(6e50045bf00c9c143b00fe75b9a38096) Importer(815301076,1909f56bfc062723c751e8b465ee728b)  -> (artifact id: 'a6ae86e83a5064f0d49e84b7552fb3e9') in 0.008236 seconds 
========================================================================
Received Import Request.
  Time since last request: 257.993763 seconds.
  path: Assets/Scenes/Area 5.unity
  artifactKey: Guid(d77cfef4ebd50f44697002ef3b7b4d47) Importer(815301076,1909f56bfc062723c751e8b465ee728b)
Start importing Assets/Scenes/Area 5.unity using Guid(d77cfef4ebd50f44697002ef3b7b4d47) Importer(815301076,1909f56bfc062723c751e8b465ee728b)  -> (artifact id: 'cee35f74e5d0506c3386d3aafc861308') in 0.009406 seconds 
========================================================================
Received Import Request.
  Time since last request: 3.063535 seconds.
  path: Assets/Scenes/Area 4.unity
  artifactKey: Guid(1c9389652fef2174bbe9196b76d22af8) Importer(815301076,1909f56bfc062723c751e8b465ee728b)
Start importing Assets/Scenes/Area 4.unity using Guid(1c9389652fef2174bbe9196b76d22af8) Importer(815301076,1909f56bfc062723c751e8b465ee728b)  -> (artifact id: 'b6767d938e6fc1fc4392922cd3c88363') in 0.335968 seconds 
========================================================================
Received Import Request.
  Time since last request: 162.336143 seconds.
  path: Assets/Scenes/Area 6.unity
  artifactKey: Guid(b2522b2769eb53647b1793e86808917c) Importer(815301076,1909f56bfc062723c751e8b465ee728b)
Start importing Assets/Scenes/Area 6.unity using Guid(b2522b2769eb53647b1793e86808917c) Importer(815301076,1909f56bfc062723c751e8b465ee728b)  -> (artifact id: 'ef10c97a667cc480d173be6452ed3be7') in 0.008074 seconds 
========================================================================
Received Import Request.
  Time since last request: 1.282380 seconds.
  path: Assets/Scenes/Area 5.unity
  artifactKey: Guid(d77cfef4ebd50f44697002ef3b7b4d47) Importer(815301076,1909f56bfc062723c751e8b465ee728b)
Start importing Assets/Scenes/Area 5.unity using Guid(d77cfef4ebd50f44697002ef3b7b4d47) Importer(815301076,1909f56bfc062723c751e8b465ee728b)  -> (artifact id: '57fdea2e106ea834e9c4d88fd95493fe') in 0.003226 seconds 
========================================================================
Received Import Request.
  Time since last request: 1336.033799 seconds.
  path: Assets/Scenes/Area 6.unity
  artifactKey: Guid(b2522b2769eb53647b1793e86808917c) Importer(815301076,1909f56bfc062723c751e8b465ee728b)
Start importing Assets/Scenes/Area 6.unity using Guid(b2522b2769eb53647b1793e86808917c) Importer(815301076,1909f56bfc062723c751e8b465ee728b)  -> (artifact id: 'b6c1b8d87fad0d2fc220811462af0c6b') in 0.002340 seconds 
========================================================================
Received Import Request.
  Time since last request: 4.221935 seconds.
  path: Assets/Scenes/Area 7.unity
  artifactKey: Guid(68ba1e8eba2ee494c8e948624d470b35) Importer(815301076,1909f56bfc062723c751e8b465ee728b)
Start importing Assets/Scenes/Area 7.unity using Guid(68ba1e8eba2ee494c8e948624d470b35) Importer(815301076,1909f56bfc062723c751e8b465ee728b)  -> (artifact id: 'af5314df638e80618a74af4a32ab2710') in 0.195819 seconds 
========================================================================
Received Prepare
Refreshing native plugins compatible for Editor in 11.06 ms, found 3 plugins.
Preloading 0 native plugins for Editor in 0.00 ms.
Unloading 24 Unused Serialized files (Serialized files now loaded: 0)
System memory in use before: 80.0 MB.
System memory in use after: 80.2 MB.

Unloading 24 unused Assets to reduce memory usage. Loaded Objects now: 2805.
Total: 12.332500 ms (FindLiveObjects: 0.442500 ms CreateObjectMapping: 0.186500 ms MarkObjects: 11.646900 ms  DeleteObjects: 0.053600 ms)

AssetImportParameters requested are different than current active one (requested -> active):
  custom:framework-win-MediaFoundation: 216162199b28c13a410421893ffa2e32 -> 
  custom:video-decoder-ogg-theora: a1e56fd34408186e4bbccfd4996cb3dc -> 
  custom:container-muxer-webm: aa71ff27fc2769a1b78a27578f13a17b -> 
  custom:container-demuxer-webm: 4f35f7cbe854078d1ac9338744f61a02 -> 
  custom:container-demuxer-ogg: 62fdf1f143b41e24485cea50d1cbac27 -> 
  custom:video-encoder-webm-vp8: eb34c28f22e8b96e1ab97ce403110664 -> 
  custom:video-decoder-webm-vp8: 9c59270c3fd7afecdb556c50c9e8de78 -> 
  custom:audio-decoder-ogg-vorbis: bf7c407c2cedff20999df2af8eb42d56 -> 
  custom:audio-encoder-webm-vorbis: bf7c407c2cedff20999df2af8eb42d56 -> 
AssetImportWorkerClient::OnTransportError - code=2 error=End of file
